  ShellFunctions.cpp
     Создается библиотека D:\LOGOS work\GeometryDebuggingWindow\x64\Release\GeomViewShell.lib и объект D:\LOGOS work\GeometryDebuggingWindow\x64\Release\GeomViewShell.exp
  Previous IPDB not found, fall back to full compilation.
LINK : warning LNK4098: библиотека по умолчанию "LIBCMT" конфликтует с использованием других библиотек; используйте /NODEFAULTLIB:library
  Создание кода
  All 88 functions were compiled because no usable IPDB/IOBJ from previous compilation was found.
  Создание кода завершено
LINK : warning LNK4286: Символ "glewGetErrorString", определенный в "libgeom_view.lib(glew.obj)", импортирован "libgeom_view.lib(draw.obj)".
LINK : warning LNK4286: Символ "__glewAttachShader", определенный в "libgeom_view.lib(glew.obj)", импортирован "libgeom_view.lib(draw.obj)".
LINK : warning LNK4286: Символ "__glewCompileShader", определенный в "libgeom_view.lib(glew.obj)", импортирован "libgeom_view.lib(draw.obj)".
LINK : warning LNK4286: Символ "__glewCreateProgram", определенный в "libgeom_view.lib(glew.obj)", импортирован "libgeom_view.lib(draw.obj)".
LINK : warning LNK4286: Символ "__glewCreateShader", определенный в "libgeom_view.lib(glew.obj)", импортирован "libgeom_view.lib(draw.obj)".
LINK : warning LNK4286: Символ "__glewDeleteShader", определенный в "libgeom_view.lib(glew.obj)", импортирован "libgeom_view.lib(draw.obj)".
LINK : warning LNK4286: Символ "__glewGetProgramInfoLog", определенный в "libgeom_view.lib(glew.obj)", импортирован "libgeom_view.lib(draw.obj)".
LINK : warning LNK4286: Символ "__glewGetProgramiv", определенный в "libgeom_view.lib(glew.obj)", импортирован "libgeom_view.lib(draw.obj)".
LINK : warning LNK4286: Символ "__glewGetShaderInfoLog", определенный в "libgeom_view.lib(glew.obj)", импортирован "libgeom_view.lib(draw.obj)".
LINK : warning LNK4286: Символ "__glewGetShaderiv", определенный в "libgeom_view.lib(glew.obj)", импортирован "libgeom_view.lib(draw.obj)".
LINK : warning LNK4286: Символ "__glewLinkProgram", определенный в "libgeom_view.lib(glew.obj)", импортирован "libgeom_view.lib(draw.obj)".
LINK : warning LNK4286: Символ "__glewShaderSource", определенный в "libgeom_view.lib(glew.obj)", импортирован "libgeom_view.lib(draw.obj)".
LINK : warning LNK4286: Символ "__glewBindBuffer", определенный в "libgeom_view.lib(glew.obj)", импортирован "libgeom_view.lib(OGLitem.obj)".
LINK : warning LNK4286: Символ "__glewBufferData", определенный в "libgeom_view.lib(glew.obj)", импортирован "libgeom_view.lib(OGLitem.obj)".
LINK : warning LNK4286: Символ "__glewDeleteBuffers", определенный в "libgeom_view.lib(glew.obj)", импортирован "libgeom_view.lib(OGLitem.obj)".
LINK : warning LNK4286: Символ "__glewGenBuffers", определенный в "libgeom_view.lib(glew.obj)", импортирован "libgeom_view.lib(OGLitem.obj)".
LINK : warning LNK4286: Символ "__glewEnableVertexAttribArray", определенный в "libgeom_view.lib(glew.obj)", импортирован "libgeom_view.lib(OGLitem.obj)".
LINK : warning LNK4286: Символ "__glewGetAttribLocation", определенный в "libgeom_view.lib(glew.obj)", импортирован "libgeom_view.lib(OGLitem.obj)".
LINK : warning LNK4286: Символ "__glewGetUniformLocation", определенный в "libgeom_view.lib(glew.obj)", импортирован "libgeom_view.lib(OGLitem.obj)".
LINK : warning LNK4286: Символ "__glewUniform1f", определенный в "libgeom_view.lib(glew.obj)", импортирован "libgeom_view.lib(OGLitem.obj)".
LINK : warning LNK4286: Символ "__glewUniform2fv", определенный в "libgeom_view.lib(glew.obj)", импортирован "libgeom_view.lib(OGLitem.obj)".
LINK : warning LNK4286: Символ "__glewUniform3fv", определенный в "libgeom_view.lib(glew.obj)", импортирован "libgeom_view.lib(OGLitem.obj)".
LINK : warning LNK4286: Символ "__glewUniformMatrix4fv", определенный в "libgeom_view.lib(glew.obj)", импортирован "libgeom_view.lib(OGLitem.obj)".
LINK : warning LNK4286: Символ "__glewUseProgram", определенный в "libgeom_view.lib(glew.obj)", импортирован "libgeom_view.lib(OGLitem.obj)".
LINK : warning LNK4286: Символ "__glewVertexAttribPointer", определенный в "libgeom_view.lib(glew.obj)", импортирован "libgeom_view.lib(OGLitem.obj)".
LINK : warning LNK4286: Символ "__glewBindVertexArray", определенный в "libgeom_view.lib(glew.obj)", импортирован "libgeom_view.lib(OGLitem.obj)".
LINK : warning LNK4286: Символ "__glewDeleteVertexArrays", определенный в "libgeom_view.lib(glew.obj)", импортирован "libgeom_view.lib(OGLitem.obj)".
LINK : warning LNK4286: Символ "__glewGenVertexArrays", определенный в "libgeom_view.lib(glew.obj)", импортирован "libgeom_view.lib(OGLitem.obj)".
  GeomViewShell.vcxproj -> D:\LOGOS work\GeometryDebuggingWindow\x64\Release\GeomViewShell.dll
  "pwsh.exe" не является внутренней или внешней
  командой, исполняемой программой или пакетным файлом.
